生成启动时间为 2018/3/10 22:05:30。
     1>项目“D:\Lixin\数据结构\DataStructureC\DataStructureC\DataStructureC.vcxproj”在节点 2 上(Build 个目标)。
     1>ClCompile:
         D:\Program Files (x86)\VC\bin\CL.exe /c /ZI /nologo /W3 /WX- /sdl /Od /Oy- /D _MBCS /Gm /EHsc /RTC1 /MDd /GS /fp:precise /Zc:wchar_t /Zc:forScope /Fo"Debug\\" /Fd"Debug\vc120.pdb" /Gd /TP /analyze- /errorReport:prompt SqList.cpp main.cpp
         main.cpp
     1>d:\lixin\数据结构\datastructurec\datastructurec\sqlist.h(28): error C2146: 语法错误: 缺少“;”(在标识符“InitList”的前面)
     1>d:\lixin\数据结构\datastructurec\datastructurec\sqlist.h(28): error C4430: 缺少类型说明符 - 假定为 int。注意:  C++ 不支持默认 int
     1>d:\lixin\数据结构\datastructurec\datastructurec\sqlist.h(29): error C2146: 语法错误: 缺少“;”(在标识符“DestroyList”的前面)
     1>d:\lixin\数据结构\datastructurec\datastructurec\sqlist.h(29): error C4430: 缺少类型说明符 - 假定为 int。注意:  C++ 不支持默认 int
     1>d:\lixin\数据结构\datastructurec\datastructurec\sqlist.h(29): error C2086: “int Status”: 重定义
                 d:\lixin\数据结构\datastructurec\datastructurec\sqlist.h(28) : 参见“Status”的声明
     1>d:\lixin\数据结构\datastructurec\datastructurec\sqlist.h(31): error C2146: 语法错误: 缺少“;”(在标识符“ClearList”的前面)
     1>d:\lixin\数据结构\datastructurec\datastructurec\sqlist.h(31): error C4430: 缺少类型说明符 - 假定为 int。注意:  C++ 不支持默认 int
     1>d:\lixin\数据结构\datastructurec\datastructurec\sqlist.h(31): error C2086: “int Status”: 重定义
                 d:\lixin\数据结构\datastructurec\datastructurec\sqlist.h(28) : 参见“Status”的声明
     1>d:\lixin\数据结构\datastructurec\datastructurec\sqlist.h(33): error C2146: 语法错误: 缺少“;”(在标识符“GetElem”的前面)
     1>d:\lixin\数据结构\datastructurec\datastructurec\sqlist.h(33): error C4430: 缺少类型说明符 - 假定为 int。注意:  C++ 不支持默认 int
     1>d:\lixin\数据结构\datastructurec\datastructurec\sqlist.h(33): error C2086: “int Status”: 重定义
                 d:\lixin\数据结构\datastructurec\datastructurec\sqlist.h(28) : 参见“Status”的声明
     1>d:\lixin\数据结构\datastructurec\datastructurec\sqlist.h(34): error C2146: 语法错误: 缺少“;”(在标识符“NextElem”的前面)
     1>d:\lixin\数据结构\datastructurec\datastructurec\sqlist.h(34): error C4430: 缺少类型说明符 - 假定为 int。注意:  C++ 不支持默认 int
     1>d:\lixin\数据结构\datastructurec\datastructurec\sqlist.h(34): error C2086: “int Status”: 重定义
                 d:\lixin\数据结构\datastructurec\datastructurec\sqlist.h(28) : 参见“Status”的声明
     1>d:\lixin\数据结构\datastructurec\datastructurec\sqlist.h(35): error C2146: 语法错误: 缺少“;”(在标识符“PriorElem”的前面)
     1>d:\lixin\数据结构\datastructurec\datastructurec\sqlist.h(35): error C4430: 缺少类型说明符 - 假定为 int。注意:  C++ 不支持默认 int
     1>d:\lixin\数据结构\datastructurec\datastructurec\sqlist.h(35): error C2086: “int Status”: 重定义
                 d:\lixin\数据结构\datastructurec\datastructurec\sqlist.h(28) : 参见“Status”的声明
     1>d:\lixin\数据结构\datastructurec\datastructurec\sqlist.h(37): error C2146: 语法错误: 缺少“;”(在标识符“ListInsert”的前面)
     1>d:\lixin\数据结构\datastructurec\datastructurec\sqlist.h(37): error C4430: 缺少类型说明符 - 假定为 int。注意:  C++ 不支持默认 int
     1>d:\lixin\数据结构\datastructurec\datastructurec\sqlist.h(37): error C2086: “int Status”: 重定义
                 d:\lixin\数据结构\datastructurec\datastructurec\sqlist.h(28) : 参见“Status”的声明
     1>d:\lixin\数据结构\datastructurec\datastructurec\sqlist.h(38): error C2146: 语法错误: 缺少“;”(在标识符“ListDelete”的前面)
     1>d:\lixin\数据结构\datastructurec\datastructurec\sqlist.h(38): error C4430: 缺少类型说明符 - 假定为 int。注意:  C++ 不支持默认 int
     1>d:\lixin\数据结构\datastructurec\datastructurec\sqlist.h(38): error C2086: “int Status”: 重定义
                 d:\lixin\数据结构\datastructurec\datastructurec\sqlist.h(28) : 参见“Status”的声明
     1>d:\lixin\数据结构\datastructurec\datastructurec\sqlist.h(39): error C2146: 语法错误: 缺少“;”(在标识符“ListTraverse”的前面)
     1>d:\lixin\数据结构\datastructurec\datastructurec\sqlist.h(39): error C4430: 缺少类型说明符 - 假定为 int。注意:  C++ 不支持默认 int
     1>d:\lixin\数据结构\datastructurec\datastructurec\sqlist.h(39): error C2086: “int Status”: 重定义
                 d:\lixin\数据结构\datastructurec\datastructurec\sqlist.h(28) : 参见“Status”的声明
     1>d:\lixin\数据结构\datastructurec\datastructurec\sqlist.h(42): error C2146: 语法错误: 缺少“;”(在标识符“DeleteBetween_min_max”的前面)
     1>d:\lixin\数据结构\datastructurec\datastructurec\sqlist.h(42): error C4430: 缺少类型说明符 - 假定为 int。注意:  C++ 不支持默认 int
     1>d:\lixin\数据结构\datastructurec\datastructurec\sqlist.h(42): error C2086: “int Status”: 重定义
                 d:\lixin\数据结构\datastructurec\datastructurec\sqlist.h(28) : 参见“Status”的声明
         SqList.cpp
     1>d:\lixin\数据结构\datastructurec\datastructurec\sqlist.h(28): error C2146: 语法错误: 缺少“;”(在标识符“InitList”的前面)
     1>d:\lixin\数据结构\datastructurec\datastructurec\sqlist.h(28): error C4430: 缺少类型说明符 - 假定为 int。注意:  C++ 不支持默认 int
     1>d:\lixin\数据结构\datastructurec\datastructurec\sqlist.h(29): error C2146: 语法错误: 缺少“;”(在标识符“DestroyList”的前面)
     1>d:\lixin\数据结构\datastructurec\datastructurec\sqlist.h(29): error C4430: 缺少类型说明符 - 假定为 int。注意:  C++ 不支持默认 int
     1>d:\lixin\数据结构\datastructurec\datastructurec\sqlist.h(29): error C2086: “int Status”: 重定义
                 d:\lixin\数据结构\datastructurec\datastructurec\sqlist.h(28) : 参见“Status”的声明
     1>d:\lixin\数据结构\datastructurec\datastructurec\sqlist.h(31): error C2146: 语法错误: 缺少“;”(在标识符“ClearList”的前面)
     1>d:\lixin\数据结构\datastructurec\datastructurec\sqlist.h(31): error C4430: 缺少类型说明符 - 假定为 int。注意:  C++ 不支持默认 int
     1>d:\lixin\数据结构\datastructurec\datastructurec\sqlist.h(31): error C2086: “int Status”: 重定义
                 d:\lixin\数据结构\datastructurec\datastructurec\sqlist.h(28) : 参见“Status”的声明
     1>d:\lixin\数据结构\datastructurec\datastructurec\sqlist.h(33): error C2146: 语法错误: 缺少“;”(在标识符“GetElem”的前面)
     1>d:\lixin\数据结构\datastructurec\datastructurec\sqlist.h(33): error C4430: 缺少类型说明符 - 假定为 int。注意:  C++ 不支持默认 int
     1>d:\lixin\数据结构\datastructurec\datastructurec\sqlist.h(33): error C2086: “int Status”: 重定义
                 d:\lixin\数据结构\datastructurec\datastructurec\sqlist.h(28) : 参见“Status”的声明
     1>d:\lixin\数据结构\datastructurec\datastructurec\sqlist.h(34): error C2146: 语法错误: 缺少“;”(在标识符“NextElem”的前面)
     1>d:\lixin\数据结构\datastructurec\datastructurec\sqlist.h(34): error C4430: 缺少类型说明符 - 假定为 int。注意:  C++ 不支持默认 int
     1>d:\lixin\数据结构\datastructurec\datastructurec\sqlist.h(34): error C2086: “int Status”: 重定义
                 d:\lixin\数据结构\datastructurec\datastructurec\sqlist.h(28) : 参见“Status”的声明
     1>d:\lixin\数据结构\datastructurec\datastructurec\sqlist.h(35): error C2146: 语法错误: 缺少“;”(在标识符“PriorElem”的前面)
     1>d:\lixin\数据结构\datastructurec\datastructurec\sqlist.h(35): error C4430: 缺少类型说明符 - 假定为 int。注意:  C++ 不支持默认 int
     1>d:\lixin\数据结构\datastructurec\datastructurec\sqlist.h(35): error C2086: “int Status”: 重定义
                 d:\lixin\数据结构\datastructurec\datastructurec\sqlist.h(28) : 参见“Status”的声明
     1>d:\lixin\数据结构\datastructurec\datastructurec\sqlist.h(37): error C2146: 语法错误: 缺少“;”(在标识符“ListInsert”的前面)
     1>d:\lixin\数据结构\datastructurec\datastructurec\sqlist.h(37): error C4430: 缺少类型说明符 - 假定为 int。注意:  C++ 不支持默认 int
     1>d:\lixin\数据结构\datastructurec\datastructurec\sqlist.h(37): error C2086: “int Status”: 重定义
                 d:\lixin\数据结构\datastructurec\datastructurec\sqlist.h(28) : 参见“Status”的声明
     1>d:\lixin\数据结构\datastructurec\datastructurec\sqlist.h(38): error C2146: 语法错误: 缺少“;”(在标识符“ListDelete”的前面)
     1>d:\lixin\数据结构\datastructurec\datastructurec\sqlist.h(38): error C4430: 缺少类型说明符 - 假定为 int。注意:  C++ 不支持默认 int
     1>d:\lixin\数据结构\datastructurec\datastructurec\sqlist.h(38): error C2086: “int Status”: 重定义
                 d:\lixin\数据结构\datastructurec\datastructurec\sqlist.h(28) : 参见“Status”的声明
     1>d:\lixin\数据结构\datastructurec\datastructurec\sqlist.h(39): error C2146: 语法错误: 缺少“;”(在标识符“ListTraverse”的前面)
     1>d:\lixin\数据结构\datastructurec\datastructurec\sqlist.h(39): error C4430: 缺少类型说明符 - 假定为 int。注意:  C++ 不支持默认 int
     1>d:\lixin\数据结构\datastructurec\datastructurec\sqlist.h(39): error C2086: “int Status”: 重定义
                 d:\lixin\数据结构\datastructurec\datastructurec\sqlist.h(28) : 参见“Status”的声明
     1>d:\lixin\数据结构\datastructurec\datastructurec\sqlist.h(42): error C2146: 语法错误: 缺少“;”(在标识符“DeleteBetween_min_max”的前面)
     1>d:\lixin\数据结构\datastructurec\datastructurec\sqlist.h(42): error C4430: 缺少类型说明符 - 假定为 int。注意:  C++ 不支持默认 int
     1>d:\lixin\数据结构\datastructurec\datastructurec\sqlist.h(42): error C2086: “int Status”: 重定义
                 d:\lixin\数据结构\datastructurec\datastructurec\sqlist.h(28) : 参见“Status”的声明
     1>d:\lixin\数据结构\datastructurec\datastructurec\sqlist.cpp(82): error C2146: 语法错误: 缺少“;”(在标识符“InitList”的前面)
     1>d:\lixin\数据结构\datastructurec\datastructurec\sqlist.cpp(82): error C4430: 缺少类型说明符 - 假定为 int。注意:  C++ 不支持默认 int
     1>d:\lixin\数据结构\datastructurec\datastructurec\sqlist.cpp(82): error C2086: “int Status”: 重定义
                 d:\lixin\数据结构\datastructurec\datastructurec\sqlist.h(28) : 参见“Status”的声明
     1>d:\lixin\数据结构\datastructurec\datastructurec\sqlist.cpp(83): error C4430: 缺少类型说明符 - 假定为 int。注意:  C++ 不支持默认 int
     1>d:\lixin\数据结构\datastructurec\datastructurec\sqlist.cpp(86): error C2065: “INFEASIBLE”: 未声明的标识符
     1>d:\lixin\数据结构\datastructurec\datastructurec\sqlist.cpp(89): error C2065: “OK”: 未声明的标识符
     1>d:\lixin\数据结构\datastructurec\datastructurec\sqlist.cpp(92): error C2146: 语法错误: 缺少“;”(在标识符“DestroyList”的前面)
     1>d:\lixin\数据结构\datastructurec\datastructurec\sqlist.cpp(92): error C4430: 缺少类型说明符 - 假定为 int。注意:  C++ 不支持默认 int
     1>d:\lixin\数据结构\datastructurec\datastructurec\sqlist.cpp(92): error C2086: “int Status”: 重定义
                 d:\lixin\数据结构\datastructurec\datastructurec\sqlist.h(28) : 参见“Status”的声明
     1>d:\lixin\数据结构\datastructurec\datastructurec\sqlist.cpp(93): error C4430: 缺少类型说明符 - 假定为 int。注意:  C++ 不支持默认 int
     1>d:\lixin\数据结构\datastructurec\datastructurec\sqlist.cpp(95): error C2065: “INFEASIBLE”: 未声明的标识符
     1>d:\lixin\数据结构\datastructurec\datastructurec\sqlist.cpp(100): error C2065: “OK”: 未声明的标识符
     1>d:\lixin\数据结构\datastructurec\datastructurec\sqlist.cpp(106): error C2065: “INFEASIBLE”: 未声明的标识符
     1>d:\lixin\数据结构\datastructurec\datastructurec\sqlist.cpp(108): error C2121: “#”: 无效字符 : 可能是宏扩展的结果
     1>d:\lixin\数据结构\datastructurec\datastructurec\sqlist.cpp(108): error C2146: 语法错误: 缺少“;”(在标识符“define”的前面)
     1>d:\lixin\数据结构\datastructurec\datastructurec\sqlist.cpp(108): error C2065: “define”: 未声明的标识符
     1>d:\lixin\数据结构\datastructurec\datastructurec\sqlist.cpp(108): error C2146: 语法错误: 缺少“;”(在标识符“FALSE”的前面)
     1>d:\lixin\数据结构\datastructurec\datastructurec\sqlist.cpp(108): error C2065: “FALSE”: 未声明的标识符
     1>d:\lixin\数据结构\datastructurec\datastructurec\sqlist.cpp(108): error C2143: 语法错误 : 缺少“;”(在“常量”的前面)
     1>d:\lixin\数据结构\datastructurec\datastructurec\sqlist.cpp(108): error C2146: 语法错误: 缺少“;”(在标识符“OK”的前面)
     1>d:\lixin\数据结构\datastructurec\datastructurec\sqlist.cpp(108): error C2065: “OK”: 未声明的标识符
     1>d:\lixin\数据结构\datastructurec\datastructurec\sqlist.cpp(108): error C2146: 语法错误: 缺少“;”(在标识符“ERROR”的前面)
     1>d:\lixin\数据结构\datastructurec\datastructurec\sqlist.cpp(108): error C2065: “ERROR”: 未声明的标识符
     1>d:\lixin\数据结构\datastructurec\datastructurec\sqlist.cpp(108): error C2146: 语法错误: 缺少“;”(在标识符“INFEASIBLE”的前面)
     1>d:\lixin\数据结构\datastructurec\datastructurec\sqlist.cpp(108): error C2065: “INFEASIBLE”: 未声明的标识符
     1>d:\lixin\数据结构\datastructurec\datastructurec\sqlist.cpp(108): error C2146: 语法错误: 缺少“;”(在标识符“OVERFLOW”的前面)
     1>d:\lixin\数据结构\datastructurec\datastructurec\sqlist.cpp(108): error C2065: “OVERFLOW”: 未声明的标识符
     1>d:\lixin\数据结构\datastructurec\datastructurec\sqlist.cpp(108): error C2144: 语法错误:“int”的前面应有“;”
     1>d:\lixin\数据结构\datastructurec\datastructurec\sqlist.cpp(109): error C2181: 没有匹配 if 的非法 else
     1>d:\lixin\数据结构\datastructurec\datastructurec\sqlist.cpp(110): error C2065: “FALSE”: 未声明的标识符
     1>d:\lixin\数据结构\datastructurec\datastructurec\sqlist.cpp(113): error C2146: 语法错误: 缺少“;”(在标识符“ClearList”的前面)
     1>d:\lixin\数据结构\datastructurec\datastructurec\sqlist.cpp(113): error C4430: 缺少类型说明符 - 假定为 int。注意:  C++ 不支持默认 int
     1>d:\lixin\数据结构\datastructurec\datastructurec\sqlist.cpp(113): error C2086: “int Status”: 重定义
                 d:\lixin\数据结构\datastructurec\datastructurec\sqlist.h(28) : 参见“Status”的声明
     1>d:\lixin\数据结构\datastructurec\datastructurec\sqlist.cpp(114): error C4430: 缺少类型说明符 - 假定为 int。注意:  C++ 不支持默认 int
     1>d:\lixin\数据结构\datastructurec\datastructurec\sqlist.cpp(116): error C2065: “INFEASIBLE”: 未声明的标识符
     1>d:\lixin\数据结构\datastructurec\datastructurec\sqlist.cpp(118): error C2065: “OK”: 未声明的标识符
     1>d:\lixin\数据结构\datastructurec\datastructurec\sqlist.cpp(126): error C2146: 语法错误: 缺少“;”(在标识符“ListInsert”的前面)
     1>d:\lixin\数据结构\datastructurec\datastructurec\sqlist.cpp(126): error C4430: 缺少类型说明符 - 假定为 int。注意:  C++ 不支持默认 int
     1>d:\lixin\数据结构\datastructurec\datastructurec\sqlist.cpp(126): error C2086: “int Status”: 重定义
                 d:\lixin\数据结构\datastructurec\datastructurec\sqlist.h(28) : 参见“Status”的声明
     1>d:\lixin\数据结构\datastructurec\datastructurec\sqlist.cpp(127): error C4430: 缺少类型说明符 - 假定为 int。注意:  C++ 不支持默认 int
     1>d:\lixin\数据结构\datastructurec\datastructurec\sqlist.cpp(131): error C2065: “OVERFLOW”: 未声明的标识符
     1>d:\lixin\数据结构\datastructurec\datastructurec\sqlist.cpp(137): error C2065: “ERROR”: 未声明的标识符
     1>d:\lixin\数据结构\datastructurec\datastructurec\sqlist.cpp(145): error C2065: “OK”: 未声明的标识符
     1>d:\lixin\数据结构\datastructurec\datastructurec\sqlist.cpp(148): error C2146: 语法错误: 缺少“;”(在标识符“ListDelete”的前面)
     1>d:\lixin\数据结构\datastructurec\datastructurec\sqlist.cpp(148): error C4430: 缺少类型说明符 - 假定为 int。注意:  C++ 不支持默认 int
     1>d:\lixin\数据结构\datastructurec\datastructurec\sqlist.cpp(148): error C2086: “int Status”: 重定义
                 d:\lixin\数据结构\datastructurec\datastructurec\sqlist.h(28) : 参见“Status”的声明
     1>d:\lixin\数据结构\datastructurec\datastructurec\sqlist.cpp(149): error C4430: 缺少类型说明符 - 假定为 int。注意:  C++ 不支持默认 int
     1>d:\lixin\数据结构\datastructurec\datastructurec\sqlist.cpp(151): error C2065: “INFEASIBLE”: 未声明的标识符
     1>d:\lixin\数据结构\datastructurec\datastructurec\sqlist.cpp(153): error C2065: “OVERFLOW”: 未声明的标识符
     1>d:\lixin\数据结构\datastructurec\datastructurec\sqlist.cpp(158): error C2065: “OK”: 未声明的标识符
     1>d:\lixin\数据结构\datastructurec\datastructurec\sqlist.cpp(161): error C2146: 语法错误: 缺少“;”(在标识符“GetElem”的前面)
     1>d:\lixin\数据结构\datastructurec\datastructurec\sqlist.cpp(161): error C4430: 缺少类型说明符 - 假定为 int。注意:  C++ 不支持默认 int
     1>d:\lixin\数据结构\datastructurec\datastructurec\sqlist.cpp(161): error C2086: “int Status”: 重定义
                 d:\lixin\数据结构\datastructurec\datastructurec\sqlist.h(28) : 参见“Status”的声明
     1>d:\lixin\数据结构\datastructurec\datastructurec\sqlist.cpp(162): error C4430: 缺少类型说明符 - 假定为 int。注意:  C++ 不支持默认 int
     1>d:\lixin\数据结构\datastructurec\datastructurec\sqlist.cpp(164): error C2065: “INFEASIBLE”: 未声明的标识符
     1>d:\lixin\数据结构\datastructurec\datastructurec\sqlist.cpp(166): error C2065: “OK”: 未声明的标识符
     1>d:\lixin\数据结构\datastructurec\datastructurec\sqlist.cpp(169): error C2146: 语法错误: 缺少“;”(在标识符“NextElem”的前面)
     1>d:\lixin\数据结构\datastructurec\datastructurec\sqlist.cpp(169): error C4430: 缺少类型说明符 - 假定为 int。注意:  C++ 不支持默认 int
     1>d:\lixin\数据结构\datastructurec\datastructurec\sqlist.cpp(169): error C2086: “int Status”: 重定义
                 d:\lixin\数据结构\datastructurec\datastructurec\sqlist.h(28) : 参见“Status”的声明
     1>d:\lixin\数据结构\datastructurec\datastructurec\sqlist.cpp(170): error C4430: 缺少类型说明符 - 假定为 int。注意:  C++ 不支持默认 int
     1>d:\lixin\数据结构\datastructurec\datastructurec\sqlist.cpp(175): error C2065: “INFEASIBLE”: 未声明的标识符
     1>d:\lixin\数据结构\datastructurec\datastructurec\sqlist.cpp(183): error C2065: “OK”: 未声明的标识符
     1>d:\lixin\数据结构\datastructurec\datastructurec\sqlist.cpp(186): error C2065: “OVERFLOW”: 未声明的标识符
     1>d:\lixin\数据结构\datastructurec\datastructurec\sqlist.cpp(189): error C2146: 语法错误: 缺少“;”(在标识符“PriorElem”的前面)
     1>d:\lixin\数据结构\datastructurec\datastructurec\sqlist.cpp(189): error C4430: 缺少类型说明符 - 假定为 int。注意:  C++ 不支持默认 int
     1>d:\lixin\数据结构\datastructurec\datastructurec\sqlist.cpp(189): error C2086: “int Status”: 重定义
                 d:\lixin\数据结构\datastructurec\datastructurec\sqlist.h(28) : 参见“Status”的声明
     1>d:\lixin\数据结构\datastructurec\datastructurec\sqlist.cpp(190): error C4430: 缺少类型说明符 - 假定为 int。注意:  C++ 不支持默认 int
     1>d:\lixin\数据结构\datastructurec\datastructurec\sqlist.cpp(194): error C2065: “INFEASIBLE”: 未声明的标识符
     1>d:\lixin\数据结构\datastructurec\datastructurec\sqlist.cpp(201): error C2065: “OK”: 未声明的标识符
     1>d:\lixin\数据结构\datastructurec\datastructurec\sqlist.cpp(204): error C2065: “OVERFLOW”: 未声明的标识符
     1>d:\lixin\数据结构\datastructurec\datastructurec\sqlist.cpp(215): error C2146: 语法错误: 缺少“;”(在标识符“DeleteBetween_min_max”的前面)
     1>d:\lixin\数据结构\datastructurec\datastructurec\sqlist.cpp(215): error C4430: 缺少类型说明符 - 假定为 int。注意:  C++ 不支持默认 int
     1>d:\lixin\数据结构\datastructurec\datastructurec\sqlist.cpp(215): error C2086: “int Status”: 重定义
                 d:\lixin\数据结构\datastructurec\datastructurec\sqlist.h(28) : 参见“Status”的声明
     1>d:\lixin\数据结构\datastructurec\datastructurec\sqlist.cpp(216): error C4430: 缺少类型说明符 - 假定为 int。注意:  C++ 不支持默认 int
     1>d:\lixin\数据结构\datastructurec\datastructurec\sqlist.cpp(218): warning C4508: “DeleteBetween_min_max”: 函数应返回一个值；假定“void”返回类型
         正在生成代码...
     1>已完成生成项目“D:\Lixin\数据结构\DataStructureC\DataStructureC\DataStructureC.vcxproj”(Build 个目标)的操作 - 失败。

生成失败。

已用时间 00:00:00.62
